<?xml version="1.0" encoding="utf-8"?><testsuites name="pytest tests"><testsuite name="pytest" errors="0" failures="5" skipped="0" tests="23" time="1.550" timestamp="2025-12-31T11:43:32.762520+00:00" hostname="agent-env-314205cc-5fa0-4ff5-9d75-ddc753bdd6be"><testcase classname="test_reports.pytest.test_backend_api.TestHealthAndBasicEndpoints" name="test_api_root" time="0.086" /><testcase classname="test_reports.pytest.test_backend_api.TestHealthAndBasicEndpoints" name="test_packages_endpoint" time="0.050" /><testcase classname="test_reports.pytest.test_backend_api.TestHealthAndBasicEndpoints" name="test_blog_endpoint" time="0.061" /><testcase classname="test_reports.pytest.test_backend_api.TestHealthAndBasicEndpoints" name="test_social_platforms" time="0.054" /><testcase classname="test_reports.pytest.test_backend_api.TestAdminAuthentication" name="test_admin_login_success" time="0.051" /><testcase classname="test_reports.pytest.test_backend_api.TestAdminAuthentication" name="test_admin_login_invalid_credentials" time="0.049" /><testcase classname="test_reports.pytest.test_backend_api.TestAdminAuthentication" name="test_admin_verify_with_valid_key" time="0.053" /><testcase classname="test_reports.pytest.test_backend_api.TestAdminAuthentication" name="test_admin_verify_without_key" time="0.054" /><testcase classname="test_reports.pytest.test_backend_api.TestAdminAuthentication" name="test_admin_verify_with_invalid_key" time="0.048" /><testcase classname="test_reports.pytest.test_backend_api.TestLeadsEndpointsProtection" name="test_get_leads_without_auth" time="0.049" /><testcase classname="test_reports.pytest.test_backend_api.TestLeadsEndpointsProtection" name="test_get_leads_with_auth" time="0.051" /><testcase classname="test_reports.pytest.test_backend_api.TestLeadsEndpointsProtection" name="test_get_leads_stats_without_auth" time="0.053" /><testcase classname="test_reports.pytest.test_backend_api.TestLeadsEndpointsProtection" name="test_get_leads_stats_with_auth" time="0.056" /><testcase classname="test_reports.pytest.test_backend_api.TestLeadsCRUD" name="test_create_lead_public" time="0.058"><failure message="AssertionError: assert 'id' in {'lead_id': 'aa53f030-0154-47e2-9e02-0b13d5e87577', 'message': 'Lead captured successfully', 'success': True}">test_reports/pytest/test_backend_api.py:165: in test_create_lead_public
    assert "id" in data
E   AssertionError: assert 'id' in {'lead_id': 'aa53f030-0154-47e2-9e02-0b13d5e87577', 'message': 'Lead captured successfully', 'success': True}</failure></testcase><testcase classname="test_reports.pytest.test_backend_api.TestLeadsCRUD" name="test_get_lead_by_id_with_auth" time="0.051"><failure message="KeyError: 'id'">test_reports/pytest/test_backend_api.py:180: in test_get_lead_by_id_with_auth
    lead_id = create_response.json()["id"]
              ^^^^^^^^^^^^^^^^^^^^^^^^^^^^
E   KeyError: 'id'</failure></testcase><testcase classname="test_reports.pytest.test_backend_api.TestLeadsCRUD" name="test_update_lead_status" time="0.050"><failure message="KeyError: 'id'">test_reports/pytest/test_backend_api.py:202: in test_update_lead_status
    lead_id = create_response.json()["id"]
              ^^^^^^^^^^^^^^^^^^^^^^^^^^^^
E   KeyError: 'id'</failure></testcase><testcase classname="test_reports.pytest.test_backend_api.TestLeadsCRUD" name="test_delete_lead" time="0.048"><failure message="KeyError: 'id'">test_reports/pytest/test_backend_api.py:225: in test_delete_lead
    lead_id = create_response.json()["id"]
              ^^^^^^^^^^^^^^^^^^^^^^^^^^^^
E   KeyError: 'id'</failure></testcase><testcase classname="test_reports.pytest.test_backend_api.TestToolsEndpoints" name="test_analyze_website" time="0.136" /><testcase classname="test_reports.pytest.test_backend_api.TestToolsEndpoints" name="test_find_leads_tool" time="0.052" /><testcase classname="test_reports.pytest.test_backend_api.TestToolsEndpoints" name="test_competitor_analysis" time="0.108" /><testcase classname="test_reports.pytest.test_backend_api.TestToolsEndpoints" name="test_content_research" time="0.050" /><testcase classname="test_reports.pytest.test_backend_api.TestContactForm" name="test_submit_contact_form" time="0.061" /><testcase classname="test_reports.pytest.test_backend_api.TestNewsletterSubscription" name="test_subscribe_newsletter" time="0.047"><failure message="assert 422 in [200, 201]&#10; +  where 422 = &lt;Response [422]&gt;.status_code">test_reports/pytest/test_backend_api.py:321: in test_subscribe_newsletter
    assert response.status_code in [200, 201]
E   assert 422 in [200, 201]
E    +  where 422 = &lt;Response [422]&gt;.status_code</failure></testcase></testsuite></testsuites>