<?xml version="1.0" encoding="utf-8"?><testsuites name="pytest tests"><testsuite name="pytest" errors="0" failures="2" skipped="0" tests="23" time="1.724" timestamp="2025-12-31T11:44:29.808879+00:00" hostname="agent-env-314205cc-5fa0-4ff5-9d75-ddc753bdd6be"><testcase classname="test_reports.pytest.test_backend_api.TestHealthAndBasicEndpoints" name="test_api_root" time="0.088" /><testcase classname="test_reports.pytest.test_backend_api.TestHealthAndBasicEndpoints" name="test_packages_endpoint" time="0.048" /><testcase classname="test_reports.pytest.test_backend_api.TestHealthAndBasicEndpoints" name="test_blog_endpoint" time="0.050" /><testcase classname="test_reports.pytest.test_backend_api.TestHealthAndBasicEndpoints" name="test_social_platforms" time="0.049" /><testcase classname="test_reports.pytest.test_backend_api.TestAdminAuthentication" name="test_admin_login_success" time="0.056" /><testcase classname="test_reports.pytest.test_backend_api.TestAdminAuthentication" name="test_admin_login_invalid_credentials" time="0.057" /><testcase classname="test_reports.pytest.test_backend_api.TestAdminAuthentication" name="test_admin_verify_with_valid_key" time="0.055" /><testcase classname="test_reports.pytest.test_backend_api.TestAdminAuthentication" name="test_admin_verify_without_key" time="0.053" /><testcase classname="test_reports.pytest.test_backend_api.TestAdminAuthentication" name="test_admin_verify_with_invalid_key" time="0.048" /><testcase classname="test_reports.pytest.test_backend_api.TestLeadsEndpointsProtection" name="test_get_leads_without_auth" time="0.050" /><testcase classname="test_reports.pytest.test_backend_api.TestLeadsEndpointsProtection" name="test_get_leads_with_auth" time="0.049" /><testcase classname="test_reports.pytest.test_backend_api.TestLeadsEndpointsProtection" name="test_get_leads_stats_without_auth" time="0.046" /><testcase classname="test_reports.pytest.test_backend_api.TestLeadsEndpointsProtection" name="test_get_leads_stats_with_auth" time="0.053" /><testcase classname="test_reports.pytest.test_backend_api.TestLeadsCRUD" name="test_create_lead_public" time="0.051" /><testcase classname="test_reports.pytest.test_backend_api.TestLeadsCRUD" name="test_get_lead_by_id_with_auth" time="0.110" /><testcase classname="test_reports.pytest.test_backend_api.TestLeadsCRUD" name="test_update_lead_status" time="0.095"><failure message="KeyError: 'status'">test_reports/pytest/test_backend_api.py:217: in test_update_lead_status
    assert data["status"] == "contacted"
           ^^^^^^^^^^^^^^
E   KeyError: 'status'</failure></testcase><testcase classname="test_reports.pytest.test_backend_api.TestLeadsCRUD" name="test_delete_lead" time="0.147" /><testcase classname="test_reports.pytest.test_backend_api.TestToolsEndpoints" name="test_analyze_website" time="0.134" /><testcase classname="test_reports.pytest.test_backend_api.TestToolsEndpoints" name="test_find_leads_tool" time="0.049" /><testcase classname="test_reports.pytest.test_backend_api.TestToolsEndpoints" name="test_competitor_analysis" time="0.102" /><testcase classname="test_reports.pytest.test_backend_api.TestToolsEndpoints" name="test_content_research" time="0.053" /><testcase classname="test_reports.pytest.test_backend_api.TestContactForm" name="test_submit_contact_form" time="0.057" /><testcase classname="test_reports.pytest.test_backend_api.TestNewsletterSubscription" name="test_subscribe_newsletter" time="0.064"><failure message="assert 520 in [200, 201]&#10; +  where 520 = &lt;Response [520]&gt;.status_code">test_reports/pytest/test_backend_api.py:328: in test_subscribe_newsletter
    assert response.status_code in [200, 201]
E   assert 520 in [200, 201]
E    +  where 520 = &lt;Response [520]&gt;.status_code</failure></testcase></testsuite></testsuites>